<?xml version="1.0" encoding="UTF-8"?>
<!-- Generated by org.testng.reporters.JUnitXMLReporter -->
<testsuite ignored="0" hostname="DESKTOP-UBC2RB5" failures="1" tests="2" name="Test" time="108.316" errors="0" timestamp="2023-02-09T14:25:28 IST">
  <testcase classname="AmazonTest.AmazonHomePageTest" name="searchProduct" time="43.114"/>
  <testcase classname="AmazonTest.AmazonHomePageTest" name="selectBrands" time="3.621">
    <failure type="org.openqa.selenium.StaleElementReferenceException" message="The element reference of &amp;lt;div class=&amp;quot;a-checkbox a-checkbox-fancy s-navigation-checkbox aok-float-left&amp;quot;&amp;gt; is stale; either the element is no longer attached to the DOM, it is not in the current frame context, or the document has been refreshed
For documentation on this error, please visit: https://selenium.dev/exceptions/#stale_element_reference
Build info: version: &amp;apos;4.8.0&amp;apos;, revision: &amp;apos;267030adea&amp;apos;
System info: os.name: &amp;apos;Windows 10&amp;apos;, os.arch: &amp;apos;amd64&amp;apos;, os.version: &amp;apos;10.0&amp;apos;, java.version: &amp;apos;11.0.16.1&amp;apos;
Driver info: org.openqa.selenium.firefox.FirefoxDriver
Command: [9aaade5c-d071-4b3a-9350-ea6ff185a1fe, clickElement {id=ccc9dccb-ce85-430e-a4e7-72da8d1ecd91}]
Capabilities {acceptInsecureCerts: true, browserName: firefox, browserVersion: 109.0.1, moz:accessibilityChecks: false, moz:buildID: 20230127170202, moz:debuggerAddress: 127.0.0.1:33171, moz:geckodriverVersion: 0.32.2, moz:headless: false, moz:platformVersion: 10.0, moz:processID: 14748, moz:profile: C:\Users\Prachi\AppData\Loc..., moz:shutdownTimeout: 60000, moz:useNonSpecCompliantPointerOrigin: false, moz:webdriverClick: true, moz:windowless: false, pageLoadStrategy: normal, platformName: WINDOWS, proxy: Proxy(), se:cdp: ws://127.0.0.1:33171/devtoo..., se:cdpVersion: 85.0, setWindowRect: true, strictFileInteractability: false, timeouts: {implicit: 0, pageLoad: 300000, script: 30000}, unhandledPromptBehavior: dismiss and notify}
Element: [[FirefoxDriver: firefox on WINDOWS (9aaade5c-d071-4b3a-9350-ea6ff185a1fe)] -&amp;gt; xpath: //div[@id=&amp;apos;brandsRefinements&amp;apos;]/ul/li//div]
Session ID: 9aaade5c-d071-4b3a-9350-ea6ff185a1fe">
      <![CDATA[org.openqa.selenium.StaleElementReferenceException: The element reference of <div class="a-checkbox a-checkbox-fancy s-navigation-checkbox aok-float-left"> is stale; either the element is no longer attached to the DOM, it is not in the current frame context, or the document has been refreshed
For documentation on this error, please visit: https://selenium.dev/exceptions/#stale_element_reference
Build info: version: '4.8.0', revision: '267030adea'
System info: os.name: 'Windows 10', os.arch: 'amd64', os.version: '10.0', java.version: '11.0.16.1'
Driver info: org.openqa.selenium.firefox.FirefoxDriver
Command: [9aaade5c-d071-4b3a-9350-ea6ff185a1fe, clickElement {id=ccc9dccb-ce85-430e-a4e7-72da8d1ecd91}]
Capabilities {acceptInsecureCerts: true, browserName: firefox, browserVersion: 109.0.1, moz:accessibilityChecks: false, moz:buildID: 20230127170202, moz:debuggerAddress: 127.0.0.1:33171, moz:geckodriverVersion: 0.32.2, moz:headless: false, moz:platformVersion: 10.0, moz:processID: 14748, moz:profile: C:\Users\Prachi\AppData\Loc..., moz:shutdownTimeout: 60000, moz:useNonSpecCompliantPointerOrigin: false, moz:webdriverClick: true, moz:windowless: false, pageLoadStrategy: normal, platformName: WINDOWS, proxy: Proxy(), se:cdp: ws://127.0.0.1:33171/devtoo..., se:cdpVersion: 85.0, setWindowRect: true, strictFileInteractability: false, timeouts: {implicit: 0, pageLoad: 300000, script: 30000}, unhandledPromptBehavior: dismiss and notify}
Element: [[FirefoxDriver: firefox on WINDOWS (9aaade5c-d071-4b3a-9350-ea6ff185a1fe)] -> xpath: //div[@id='brandsRefinements']/ul/li//div]
Session ID: 9aaade5c-d071-4b3a-9350-ea6ff185a1fe
at org.openqa.selenium.remote.codec.w3c.W3CHttpResponseCodec.createException(W3CHttpResponseCodec.java:200)
at org.openqa.selenium.remote.codec.w3c.W3CHttpResponseCodec.decode(W3CHttpResponseCodec.java:133)
at org.openqa.selenium.remote.codec.w3c.W3CHttpResponseCodec.decode(W3CHttpResponseCodec.java:53)
at org.openqa.selenium.remote.HttpCommandExecutor.execute(HttpCommandExecutor.java:184)
at org.openqa.selenium.remote.service.DriverCommandExecutor.invokeExecute(DriverCommandExecutor.java:167)
at org.openqa.selenium.remote.service.DriverCommandExecutor.execute(DriverCommandExecutor.java:142)
at org.openqa.selenium.remote.RemoteWebDriver.execute(RemoteWebDriver.java:543)
at org.openqa.selenium.remote.RemoteWebElement.execute(RemoteWebElement.java:257)
at org.openqa.selenium.remote.RemoteWebElement.click(RemoteWebElement.java:78)
at AmazonTestPages.ProductResultPage.selectbrands(ProductResultPage.java:25)
at AmazonTest.AmazonHomePageTest.selectBrands(AmazonHomePageTest.java:35)
at java.base/java.util.ArrayList.forEach(ArrayList.java:1541)
... Removed 31 stack frames]]>
    </failure>
  </testcase> <!-- selectBrands -->
</testsuite> <!-- Test -->
